[    82.884] 
X.Org X Server 1.19.3
Release Date: 2017-03-15
[    82.884] X Protocol Version 11, Revision 0
[    82.884] Build Operating System: Linux 4.4.0-87-generic x86_64 Ubuntu
[    82.884] Current Operating System: Linux GGK-WRL-Nagios 4.10.0-28-generic #32~16.04.2-Ubuntu SMP Thu Jul 20 10:19:48 UTC 2017 x86_64
[    82.884] Kernel command line: BOOT_IMAGE=/boot/vmlinuz-4.10.0-28-generic root=UUID=dfc3f436-2279-4c11-bf3b-83a2e713d81f ro quiet splash
[    82.884] Build Date: 25 July 2017  01:30:08PM
[    82.884] xorg-server 2:1.19.3-1ubuntu1~16.04.2 (For technical support please see http://www.ubuntu.com/support) 
[    82.884] Current version of pixman: 0.33.6
[    82.884] 	Before reporting problems, check http://wiki.x.org
	to make sure that you have the latest version.
[    82.884] Markers: (--) probed, (**) from config file, (==) default setting,
	(++) from command line, (!!) notice, (II) informational,
	(WW) warning, (EE) error, (NI) not implemented, (??) unknown.
[    82.884] (==) Log file: "/var/log/Xorg.0.log", Time: Wed Apr 18 15:18:00 2018
[    82.979] (==) Using system config directory "/usr/share/X11/xorg.conf.d"
[    83.051] (==) No Layout section.  Using the first Screen section.
[    83.051] (==) No screen section available. Using defaults.
[    83.051] (**) |-->Screen "Default Screen Section" (0)
[    83.051] (**) |   |-->Monitor "<default monitor>"
[    83.051] (==) No monitor specified for screen "Default Screen Section".
	Using a default monitor configuration.
[    83.051] (==) Automatically adding devices
[    83.052] (==) Automatically enabling devices
[    83.052] (==) Automatically adding GPU devices
[    83.052] (==) Automatically binding GPU devices
[    83.052] (==) Max clients allowed: 256, resource mask: 0x1fffff
[    83.052] (WW) The directory "/usr/share/fonts/X11/cyrillic" does not exist.
[    83.052] 	Entry deleted from font path.
[    83.052] (WW) The directory "/usr/share/fonts/X11/100dpi/" does not exist.
[    83.052] 	Entry deleted from font path.
[    83.052] (WW) The directory "/usr/share/fonts/X11/75dpi/" does not exist.
[    83.052] 	Entry deleted from font path.
[    83.052] (WW) The directory "/usr/share/fonts/X11/100dpi" does not exist.
[    83.052] 	Entry deleted from font path.
[    83.052] (WW) The directory "/usr/share/fonts/X11/75dpi" does not exist.
[    83.052] 	Entry deleted from font path.
[    83.052] (==) FontPath set to:
	/usr/share/fonts/X11/misc,
	/usr/share/fonts/X11/Type1,
	built-ins
[    83.052] (==) ModulePath set to "/usr/lib/x86_64-linux-gnu/xorg/extra-modules,/usr/lib/xorg/extra-modules,/usr/lib/xorg/modules"
[    83.052] (II) The server relies on udev to provide the list of input devices.
	If no devices become available, reconfigure udev or disable AutoAddDevices.
[    83.052] (II) Loader magic: 0x5571be161e00
[    83.052] (II) Module ABI versions:
[    83.052] 	X.Org ANSI C Emulation: 0.4
[    83.052] 	X.Org Video Driver: 23.0
[    83.052] 	X.Org XInput driver : 24.1
[    83.052] 	X.Org Server Extension : 10.0
[    83.052] (++) using VT number 7

[    83.052] (II) systemd-logind: logind integration requires -keeptty and -keeptty was not provided, disabling logind integration
[    83.053] (II) xfree86: Adding drm device (/dev/dri/card0)
[    83.063] (--) PCI:*(0:0:15:0) 15ad:0405:15ad:0405 rev 0, Mem @ 0xe8000000/134217728, 0xfe000000/8388608, I/O @ 0x00001070/16, BIOS @ 0x????????/131072
[    83.063] (II) LoadModule: "glx"
[    83.320] (II) Loading /usr/lib/xorg/modules/extensions/libglx.so
[    85.725] (II) Module glx: vendor="X.Org Foundation"
[    85.725] 	compiled for 1.19.3, module version = 1.0.0
[    85.725] 	ABI class: X.Org Server Extension, version 10.0
[    85.725] (==) Matched vmware as autoconfigured driver 0
[    85.725] (==) Matched vmware as autoconfigured driver 1
[    85.725] (==) Matched modesetting as autoconfigured driver 2
[    85.725] (==) Matched fbdev as autoconfigured driver 3
[    85.725] (==) Matched vesa as autoconfigured driver 4
[    85.725] (==) Assigned the driver to the xf86ConfigLayout
[    85.725] (II) LoadModule: "vmware"
[    85.725] (II) Loading /usr/lib/xorg/modules/drivers/vmware_drv.so
[   102.444] (II) Module vmware: vendor="X.Org Foundation"
[   102.444] 	compiled for 1.19.3, module version = 13.2.1
[   102.444] 	Module class: X.Org Video Driver
[   102.444] 	ABI class: X.Org Video Driver, version 23.0
[   102.444] (II) LoadModule: "modesetting"
[   102.444] (II) Loading /usr/lib/xorg/modules/drivers/modesetting_drv.so
[   102.659] (II) Module modesetting: vendor="X.Org Foundation"
[   102.660] 	compiled for 1.19.3, module version = 1.19.3
[   102.660] 	Module class: X.Org Video Driver
[   102.660] 	ABI class: X.Org Video Driver, version 23.0
[   102.660] (II) LoadModule: "fbdev"
[   102.660] (II) Loading /usr/lib/xorg/modules/drivers/fbdev_drv.so
[   102.673] (II) Module fbdev: vendor="X.Org Foundation"
[   102.673] 	compiled for 1.19.3, module version = 0.4.4
[   102.673] 	Module class: X.Org Video Driver
[   102.673] 	ABI class: X.Org Video Driver, version 23.0
[   102.673] (II) LoadModule: "vesa"
[   102.673] (II) Loading /usr/lib/xorg/modules/drivers/vesa_drv.so
[   102.701] (II) Module vesa: vendor="X.Org Foundation"
[   102.701] 	compiled for 1.19.3, module version = 2.3.4
[   102.701] 	Module class: X.Org Video Driver
[   102.701] 	ABI class: X.Org Video Driver, version 23.0
[   102.701] (II) vmware: driver for VMware SVGA: vmware0405, vmware0710
[   102.701] (II) modesetting: Driver for Modesetting Kernel Drivers: kms
[   102.701] (II) FBDEV: driver for framebuffer: fbdev
[   102.701] (II) VESA: driver for VESA chipsets: vesa
[   102.702] (WW) Falling back to old probe method for modesetting
[   102.703] (WW) Falling back to old probe method for fbdev
[   102.703] (II) Loading sub module "fbdevhw"
[   102.703] (II) LoadModule: "fbdevhw"
[   102.703] (II) Loading /usr/lib/xorg/modules/libfbdevhw.so
[   102.765] (II) Module fbdevhw: vendor="X.Org Foundation"
[   102.765] 	compiled for 1.19.3, module version = 0.0.2
[   102.765] 	ABI class: X.Org Video Driver, version 23.0
[   102.765] (WW) Falling back to old probe method for vesa
[   102.765] (II) vmware(0): Creating default Display subsection in Screen section
	"Default Screen Section" for depth/fbbpp 24/32
[   102.766] (--) vmware(0): DRM driver version is 2.12.0
[   102.766] (==) vmware(0): Depth 24, (--) framebuffer bpp 32
[   102.766] (==) vmware(0): RGB weight 888
[   102.766] (==) vmware(0): Default visual is TrueColor
[   102.766] (--) vmware(0): Min width 1, Max Width 4096.
[   102.766] (--) vmware(0): Min height 1, Max Height 4096.
[   102.766] (II) vmware(0): Output Virtual1 has no monitor section
[   102.766] (II) vmware(0): Output Virtual2 has no monitor section
[   102.766] (II) vmware(0): Output Virtual3 has no monitor section
[   102.766] (II) vmware(0): Output Virtual4 has no monitor section
[   102.766] (II) vmware(0): Output Virtual5 has no monitor section
[   102.766] (II) vmware(0): Output Virtual6 has no monitor section
[   102.766] (II) vmware(0): Output Virtual7 has no monitor section
[   102.766] (II) vmware(0): Output Virtual8 has no monitor section
[   102.766] (II) vmware(0): Printing probed modes for output Virtual1
[   102.766] (II) vmware(0): Modeline "800x600"x60.0   42.75  800 850 900 950  600 650 700 750 -hsync +vsync (45.0 kHz eP)
[   102.766] (II) vmware(0): Modeline "1360x768"x60.0   85.50  1360 1424 1536 1792  768 771 777 795 +hsync +vsync (47.7 kHz e)
[   102.766] (II) vmware(0): Modeline "1280x800"x59.8   83.50  1280 1352 1480 1680  800 803 809 831 +hsync -vsync (49.7 kHz e)
[   102.766] (II) vmware(0): Modeline "1152x864"x75.0  108.00  1152 1216 1344 1600  864 865 868 900 +hsync +vsync (67.5 kHz e)
[   102.766] (II) vmware(0): Modeline "1280x768"x59.9   79.50  1280 1344 1472 1664  768 771 778 798 -hsync +vsync (47.8 kHz e)
[   102.766] (II) vmware(0): Modeline "1024x768"x60.0   65.00  1024 1048 1184 1344  768 771 777 806 -hsync -vsync (48.4 kHz e)
[   102.766] (II) vmware(0): Modeline "800x600"x60.3   40.00  800 840 968 1056  600 601 605 628 +hsync +vsync (37.9 kHz e)
[   102.766] (II) vmware(0): Modeline "640x480"x59.9   25.18  640 656 752 800  480 489 492 525 -hsync -vsync (31.5 kHz e)
[   102.766] (II) vmware(0): EDID for output Virtual2
[   102.766] (II) vmware(0): EDID for output Virtual3
[   102.766] (II) vmware(0): EDID for output Virtual4
[   102.766] (II) vmware(0): EDID for output Virtual5
[   102.766] (II) vmware(0): EDID for output Virtual6
[   102.766] (II) vmware(0): EDID for output Virtual7
[   102.766] (II) vmware(0): EDID for output Virtual8
[   102.766] (II) vmware(0): Output Virtual1 connected
[   102.766] (II) vmware(0): Output Virtual2 disconnected
[   102.766] (II) vmware(0): Output Virtual3 disconnected
[   102.766] (II) vmware(0): Output Virtual4 disconnected
[   102.766] (II) vmware(0): Output Virtual5 disconnected
[   102.766] (II) vmware(0): Output Virtual6 disconnected
[   102.766] (II) vmware(0): Output Virtual7 disconnected
[   102.766] (II) vmware(0): Output Virtual8 disconnected
[   102.766] (II) vmware(0): Using exact sizes for initial modes
[   102.766] (II) vmware(0): Output Virtual1 using initial mode 800x600 +0+0
[   102.766] (==) vmware(0): DPI set to (96, 96)
[   102.766] (==) vmware(0): Using gamma correction (1.0, 1.0, 1.0)
[   102.766] (II) Loading sub module "fb"
[   102.766] (II) LoadModule: "fb"
[   102.766] (II) Loading /usr/lib/xorg/modules/libfb.so
[   103.060] (II) Module fb: vendor="X.Org Foundation"
[   103.061] 	compiled for 1.19.3, module version = 1.0.0
[   103.061] 	ABI class: X.Org ANSI C Emulation, version 0.4
[   103.061] (II) Loading sub module "dri2"
[   103.061] (II) LoadModule: "dri2"
[   103.061] (II) Module "dri2" already built-in
[   103.061] (II) UnloadModule: "modesetting"
[   103.061] (II) Unloading modesetting
[   103.061] (II) UnloadModule: "fbdev"
[   103.061] (II) Unloading fbdev
[   103.061] (II) UnloadSubModule: "fbdevhw"
[   103.061] (II) Unloading fbdevhw
[   103.061] (II) UnloadModule: "vesa"
[   103.061] (II) Unloading vesa
[   103.061] (==) Depth 24 pixmap format is 32 bpp
[   103.248] (II) vmware(0): Initialized VMWARE_CTRL extension version 0.2
[   103.536] (WW) vmware(0): Failed to initialize Gallium3D Xa. No render acceleration available.
[   103.537] (WW) vmware(0): Skipped initialization of direct rendering due to lack of render acceleration.
[   103.537] (--) vmware(0): Render acceleration is disabled.
[   103.537] (==) vmware(0): Rendercheck mode is disabled.
[   103.537] (--) vmware(0): Direct rendering (3D) is disabled.
[   103.537] (==) vmware(0): Backing store enabled
[   103.537] (==) vmware(0): Silken mouse enabled
[   103.682] (II) vmware(0): RandR 1.2 enabled, ignore the following RandR disabled message.
[   103.757] (==) vmware(0): DPMS enabled
[   103.757] (II) vmware(0): No 3D acceleration. Not setting up textured video.
[   103.757] (--) RandR disabled
[   103.762] (II) SELinux: Disabled on system
[   103.791] (II) AIGLX: Screen 0 is not DRI2 capable
[   103.791] (EE) AIGLX: reverting to software rendering
[   108.851] (II) IGLX: enabled GLX_MESA_copy_sub_buffer
[   108.851] (II) IGLX: Loaded and initialized swrast
[   108.851] (II) GLX: Initialized DRISWRAST GL provider for screen 0
[   108.853] (II) vmware(0): Setting screen physical size to 211 x 158
[   113.087] (II) config/udev: Adding input device Power Button (/dev/input/event0)
[   113.087] (**) Power Button: Applying InputClass "evdev keyboard catchall"
[   113.087] (II) LoadModule: "evdev"
[   113.167] (II) Loading /usr/lib/xorg/modules/input/evdev_drv.so
[   113.478] (II) Module evdev: vendor="X.Org Foundation"
[   113.478] 	compiled for 1.19.3, module version = 2.10.5
[   113.478] 	Module class: X.Org XInput Driver
[   113.478] 	ABI class: X.Org XInput driver, version 24.1
[   113.478] (II) Using input driver 'evdev' for 'Power Button'
[   113.478] (**) Power Button: always reports core events
[   113.478] (**) evdev: Power Button: Device: "/dev/input/event0"
[   113.478] (--) evdev: Power Button: Vendor 0 Product 0x1
[   113.478] (--) evdev: Power Button: Found keys
[   113.478] (II) evdev: Power Button: Configuring as keyboard
[   113.478] (**) Option "config_info" "udev:/sys/devices/LNXSYSTM:00/LNXPWRBN:00/input/input0/event0"
[   113.478] (II) XINPUT: Adding extended input device "Power Button" (type: KEYBOARD, id 6)
[   113.478] (**) Option "xkb_rules" "evdev"
[   113.478] (**) Option "xkb_model" "pc105"
[   113.478] (**) Option "xkb_layout" "us"
[   113.479] (II) config/udev: Adding input device AT Translated Set 2 keyboard (/dev/input/event1)
[   113.479] (**) AT Translated Set 2 keyboard: Applying InputClass "evdev keyboard catchall"
[   113.479] (II) Using input driver 'evdev' for 'AT Translated Set 2 keyboard'
[   113.479] (**) AT Translated Set 2 keyboard: always reports core events
[   113.479] (**) evdev: AT Translated Set 2 keyboard: Device: "/dev/input/event1"
[   113.479] (--) evdev: AT Translated Set 2 keyboard: Vendor 0x1 Product 0x1
[   113.479] (--) evdev: AT Translated Set 2 keyboard: Found keys
[   113.479] (II) evdev: AT Translated Set 2 keyboard: Configuring as keyboard
[   113.479] (**) Option "config_info" "udev:/sys/devices/platform/i8042/serio0/input/input1/event1"
[   113.479] (II) XINPUT: Adding extended input device "AT Translated Set 2 keyboard" (type: KEYBOARD, id 7)
[   113.479] (**) Option "xkb_rules" "evdev"
[   113.479] (**) Option "xkb_model" "pc105"
[   113.479] (**) Option "xkb_layout" "us"
[   113.480] (II) config/udev: Adding input device VirtualPS/2 VMware VMMouse (/dev/input/event3)
[   113.480] (**) VirtualPS/2 VMware VMMouse: Applying InputClass "evdev pointer catchall"
[   113.480] (II) Using input driver 'evdev' for 'VirtualPS/2 VMware VMMouse'
[   113.480] (**) VirtualPS/2 VMware VMMouse: always reports core events
[   113.480] (**) evdev: VirtualPS/2 VMware VMMouse: Device: "/dev/input/event3"
[   113.480] (--) evdev: VirtualPS/2 VMware VMMouse: Vendor 0x2 Product 0x13
[   113.480] (--) evdev: VirtualPS/2 VMware VMMouse: Found 3 mouse buttons
[   113.480] (--) evdev: VirtualPS/2 VMware VMMouse: Found scroll wheel(s)
[   113.480] (--) evdev: VirtualPS/2 VMware VMMouse: Found relative axes
[   113.480] (--) evdev: VirtualPS/2 VMware VMMouse: Found x and y relative axes
[   113.480] (II) evdev: VirtualPS/2 VMware VMMouse: Configuring as mouse
[   113.480] (II) evdev: VirtualPS/2 VMware VMMouse: Adding scrollwheel support
[   113.480] (**) evdev: VirtualPS/2 VMware VMMouse: YAxisMapping: buttons 4 and 5
[   113.480] (**) evdev: VirtualPS/2 VMware VMMouse: EmulateWheelButton: 4, EmulateWheelInertia: 10, EmulateWheelTimeout: 200
[   113.480] (**) Option "config_info" "udev:/sys/devices/platform/i8042/serio1/input/input3/event3"
[   113.480] (II) XINPUT: Adding extended input device "VirtualPS/2 VMware VMMouse" (type: MOUSE, id 8)
[   113.480] (II) evdev: VirtualPS/2 VMware VMMouse: initialized for relative axes.
[   113.480] (**) VirtualPS/2 VMware VMMouse: (accel) keeping acceleration scheme 1
[   113.480] (**) VirtualPS/2 VMware VMMouse: (accel) acceleration profile 0
[   113.480] (**) VirtualPS/2 VMware VMMouse: (accel) acceleration factor: 2.000
[   113.480] (**) VirtualPS/2 VMware VMMouse: (accel) acceleration threshold: 4
[   113.480] (II) config/udev: Adding input device VirtualPS/2 VMware VMMouse (/dev/input/mouse1)
[   113.480] (II) No input driver specified, ignoring this device.
[   113.480] (II) This device may have been added with another device file.
[   113.480] (II) config/udev: Adding input device VirtualPS/2 VMware VMMouse (/dev/input/event2)
[   113.480] (**) VirtualPS/2 VMware VMMouse: Applying InputClass "evdev pointer catchall"
[   113.480] (II) Using input driver 'evdev' for 'VirtualPS/2 VMware VMMouse'
[   113.480] (**) VirtualPS/2 VMware VMMouse: always reports core events
[   113.480] (**) evdev: VirtualPS/2 VMware VMMouse: Device: "/dev/input/event2"
[   113.480] (--) evdev: VirtualPS/2 VMware VMMouse: Vendor 0x2 Product 0x13
[   113.480] (--) evdev: VirtualPS/2 VMware VMMouse: Found 3 mouse buttons
[   113.480] (--) evdev: VirtualPS/2 VMware VMMouse: Found absolute axes
[   113.480] (--) evdev: VirtualPS/2 VMware VMMouse: Found x and y absolute axes
[   113.480] (--) evdev: VirtualPS/2 VMware VMMouse: Found absolute touchscreen
[   113.480] (II) evdev: VirtualPS/2 VMware VMMouse: Configuring as touchscreen
[   113.481] (**) evdev: VirtualPS/2 VMware VMMouse: YAxisMapping: buttons 4 and 5
[   113.481] (**) evdev: VirtualPS/2 VMware VMMouse: EmulateWheelButton: 4, EmulateWheelInertia: 10, EmulateWheelTimeout: 200
[   113.481] (**) Option "config_info" "udev:/sys/devices/platform/i8042/serio1/input/input4/event2"
[   113.481] (II) XINPUT: Adding extended input device "VirtualPS/2 VMware VMMouse" (type: TOUCHSCREEN, id 9)
[   113.481] (II) evdev: VirtualPS/2 VMware VMMouse: initialized for absolute axes.
[   113.481] (**) VirtualPS/2 VMware VMMouse: (accel) keeping acceleration scheme 1
[   113.481] (**) VirtualPS/2 VMware VMMouse: (accel) acceleration profile 0
[   113.481] (**) VirtualPS/2 VMware VMMouse: (accel) acceleration factor: 2.000
[   113.481] (**) VirtualPS/2 VMware VMMouse: (accel) acceleration threshold: 4
[   113.481] (II) config/udev: Adding input device VirtualPS/2 VMware VMMouse (/dev/input/mouse0)
[   113.481] (II) No input driver specified, ignoring this device.
[   113.481] (II) This device may have been added with another device file.
