[    13.867] 
X.Org X Server 1.19.3
Release Date: 2017-03-15
[    13.867] X Protocol Version 11, Revision 0
[    13.867] Build Operating System: Linux 4.4.0-97-generic x86_64 Ubuntu
[    13.867] Current Operating System: Linux ubnuser1-virtual-machine 4.13.0-39-generic #44~16.04.1-Ubuntu SMP Thu Apr 5 16:43:10 UTC 2018 x86_64
[    13.867] Kernel command line: BOOT_IMAGE=/boot/vmlinuz-4.13.0-39-generic root=UUID=94a85560-ac5a-477f-ac6a-44e2f083c28f ro quiet splash
[    13.867] Build Date: 13 October 2017  02:11:50PM
[    13.867] xorg-server 2:1.19.3-1ubuntu1~16.04.4 (For technical support please see http://www.ubuntu.com/support) 
[    13.867] Current version of pixman: 0.33.6
[    13.867] 	Before reporting problems, check http://wiki.x.org
	to make sure that you have the latest version.
[    13.867] Markers: (--) probed, (**) from config file, (==) default setting,
	(++) from command line, (!!) notice, (II) informational,
	(WW) warning, (EE) error, (NI) not implemented, (??) unknown.
[    13.867] (==) Log file: "/var/log/Xorg.0.log", Time: Wed Apr 25 20:46:38 2018
[    13.895] (==) Using system config directory "/usr/share/X11/xorg.conf.d"
[    13.901] (==) No Layout section.  Using the first Screen section.
[    13.901] (==) No screen section available. Using defaults.
[    13.901] (**) |-->Screen "Default Screen Section" (0)
[    13.901] (**) |   |-->Monitor "<default monitor>"
[    13.901] (==) No monitor specified for screen "Default Screen Section".
	Using a default monitor configuration.
[    13.901] (==) Automatically adding devices
[    13.901] (==) Automatically enabling devices
[    13.901] (==) Automatically adding GPU devices
[    13.901] (==) Automatically binding GPU devices
[    13.901] (==) Max clients allowed: 256, resource mask: 0x1fffff
[    13.901] (WW) The directory "/usr/share/fonts/X11/cyrillic" does not exist.
[    13.901] 	Entry deleted from font path.
[    13.901] (WW) The directory "/usr/share/fonts/X11/100dpi/" does not exist.
[    13.901] 	Entry deleted from font path.
[    13.901] (WW) The directory "/usr/share/fonts/X11/75dpi/" does not exist.
[    13.901] 	Entry deleted from font path.
[    13.901] (WW) The directory "/usr/share/fonts/X11/100dpi" does not exist.
[    13.901] 	Entry deleted from font path.
[    13.901] (WW) The directory "/usr/share/fonts/X11/75dpi" does not exist.
[    13.901] 	Entry deleted from font path.
[    13.901] (==) FontPath set to:
	/usr/share/fonts/X11/misc,
	/usr/share/fonts/X11/Type1,
	built-ins
[    13.901] (==) ModulePath set to "/usr/lib/x86_64-linux-gnu/xorg/extra-modules,/usr/lib/xorg/extra-modules,/usr/lib/xorg/modules"
[    13.901] (II) The server relies on udev to provide the list of input devices.
	If no devices become available, reconfigure udev or disable AutoAddDevices.
[    13.909] (II) Loader magic: 0x55a62166ae00
[    13.909] (II) Module ABI versions:
[    13.909] 	X.Org ANSI C Emulation: 0.4
[    13.909] 	X.Org Video Driver: 23.0
[    13.909] 	X.Org XInput driver : 24.1
[    13.909] 	X.Org Server Extension : 10.0
[    13.909] (++) using VT number 7

[    13.909] (II) systemd-logind: logind integration requires -keeptty and -keeptty was not provided, disabling logind integration
[    13.910] (II) xfree86: Adding drm device (/dev/dri/card0)
[    13.917] (--) PCI:*(0:0:15:0) 15ad:0405:15ad:0405 rev 0, Mem @ 0xe8000000/134217728, 0xfe000000/8388608, I/O @ 0x00001070/16, BIOS @ 0x????????/131072
[    13.917] (II) LoadModule: "glx"
[    13.932] (II) Loading /usr/lib/xorg/modules/extensions/libglx.so
[    14.062] (II) Module glx: vendor="X.Org Foundation"
[    14.062] 	compiled for 1.19.3, module version = 1.0.0
[    14.062] 	ABI class: X.Org Server Extension, version 10.0
[    14.062] (==) Matched vmware as autoconfigured driver 0
[    14.062] (==) Matched vmware as autoconfigured driver 1
[    14.062] (==) Matched modesetting as autoconfigured driver 2
[    14.062] (==) Matched fbdev as autoconfigured driver 3
[    14.062] (==) Matched vesa as autoconfigured driver 4
[    14.062] (==) Assigned the driver to the xf86ConfigLayout
[    14.062] (II) LoadModule: "vmware"
[    14.062] (II) Loading /usr/lib/xorg/modules/drivers/vmware_drv.so
[    14.893] (II) Module vmware: vendor="X.Org Foundation"
[    14.893] 	compiled for 1.19.3, module version = 13.2.1
[    14.893] 	Module class: X.Org Video Driver
[    14.893] 	ABI class: X.Org Video Driver, version 23.0
[    14.893] (II) LoadModule: "modesetting"
[    14.893] (II) Loading /usr/lib/xorg/modules/drivers/modesetting_drv.so
[    14.915] (II) Module modesetting: vendor="X.Org Foundation"
[    14.915] 	compiled for 1.19.3, module version = 1.19.3
[    14.915] 	Module class: X.Org Video Driver
[    14.915] 	ABI class: X.Org Video Driver, version 23.0
[    14.916] (II) LoadModule: "fbdev"
[    14.916] (II) Loading /usr/lib/xorg/modules/drivers/fbdev_drv.so
[    14.941] (II) Module fbdev: vendor="X.Org Foundation"
[    14.941] 	compiled for 1.19.3, module version = 0.4.4
[    14.941] 	Module class: X.Org Video Driver
[    14.941] 	ABI class: X.Org Video Driver, version 23.0
[    14.941] (II) LoadModule: "vesa"
[    14.941] (II) Loading /usr/lib/xorg/modules/drivers/vesa_drv.so
[    14.943] (II) Module vesa: vendor="X.Org Foundation"
[    14.943] 	compiled for 1.19.3, module version = 2.3.4
[    14.943] 	Module class: X.Org Video Driver
[    14.943] 	ABI class: X.Org Video Driver, version 23.0
[    14.943] (II) vmware: driver for VMware SVGA: vmware0405, vmware0710
[    14.943] (II) modesetting: Driver for Modesetting Kernel Drivers: kms
[    14.943] (II) FBDEV: driver for framebuffer: fbdev
[    14.943] (II) VESA: driver for VESA chipsets: vesa
[    14.944] (WW) Falling back to old probe method for modesetting
[    14.944] (WW) Falling back to old probe method for fbdev
[    14.944] (II) Loading sub module "fbdevhw"
[    14.944] (II) LoadModule: "fbdevhw"
[    14.944] (II) Loading /usr/lib/xorg/modules/libfbdevhw.so
[    14.962] (II) Module fbdevhw: vendor="X.Org Foundation"
[    14.962] 	compiled for 1.19.3, module version = 0.0.2
[    14.962] 	ABI class: X.Org Video Driver, version 23.0
[    14.962] (WW) Falling back to old probe method for vesa
[    14.962] (II) vmware(0): Creating default Display subsection in Screen section
	"Default Screen Section" for depth/fbbpp 24/32
[    14.962] (--) vmware(0): DRM driver version is 2.13.0
[    14.962] (==) vmware(0): Depth 24, (--) framebuffer bpp 32
[    14.962] (==) vmware(0): RGB weight 888
[    14.962] (==) vmware(0): Default visual is TrueColor
[    14.962] (--) vmware(0): Min width 1, Max Width 8192.
[    14.962] (--) vmware(0): Min height 1, Max Height 8192.
[    14.962] (II) vmware(0): Output Virtual1 has no monitor section
[    14.962] (II) vmware(0): Output Virtual2 has no monitor section
[    14.962] (II) vmware(0): Output Virtual3 has no monitor section
[    14.962] (II) vmware(0): Output Virtual4 has no monitor section
[    14.962] (II) vmware(0): Output Virtual5 has no monitor section
[    14.962] (II) vmware(0): Output Virtual6 has no monitor section
[    14.962] (II) vmware(0): Output Virtual7 has no monitor section
[    14.962] (II) vmware(0): Output Virtual8 has no monitor section
[    14.962] (II) vmware(0): Printing probed modes for output Virtual1
[    14.962] (II) vmware(0): Modeline "800x600"x60.0   42.75  800 850 900 950  600 650 700 750 -hsync +vsync (45.0 kHz eP)
[    14.963] (II) vmware(0): Modeline "1360x768"x60.0   85.50  1360 1424 1536 1792  768 771 777 795 +hsync +vsync (47.7 kHz e)
[    14.963] (II) vmware(0): Modeline "1280x800"x59.8   83.50  1280 1352 1480 1680  800 803 809 831 +hsync -vsync (49.7 kHz e)
[    14.963] (II) vmware(0): Modeline "1152x864"x75.0  108.00  1152 1216 1344 1600  864 865 868 900 +hsync +vsync (67.5 kHz e)
[    14.963] (II) vmware(0): Modeline "1280x768"x59.9   79.50  1280 1344 1472 1664  768 771 778 798 -hsync +vsync (47.8 kHz e)
[    14.963] (II) vmware(0): Modeline "1024x768"x60.0   65.00  1024 1048 1184 1344  768 771 777 806 -hsync -vsync (48.4 kHz e)
[    14.963] (II) vmware(0): Modeline "800x600"x60.3   40.00  800 840 968 1056  600 601 605 628 +hsync +vsync (37.9 kHz e)
[    14.963] (II) vmware(0): Modeline "640x480"x59.9   25.18  640 656 752 800  480 489 492 525 -hsync -vsync (31.5 kHz e)
[    14.963] (II) vmware(0): EDID for output Virtual2
[    14.963] (II) vmware(0): EDID for output Virtual3
[    14.963] (II) vmware(0): EDID for output Virtual4
[    14.963] (II) vmware(0): EDID for output Virtual5
[    14.963] (II) vmware(0): EDID for output Virtual6
[    14.963] (II) vmware(0): EDID for output Virtual7
[    14.963] (II) vmware(0): EDID for output Virtual8
[    14.963] (II) vmware(0): Output Virtual1 connected
[    14.963] (II) vmware(0): Output Virtual2 disconnected
[    14.963] (II) vmware(0): Output Virtual3 disconnected
[    14.963] (II) vmware(0): Output Virtual4 disconnected
[    14.963] (II) vmware(0): Output Virtual5 disconnected
[    14.963] (II) vmware(0): Output Virtual6 disconnected
[    14.963] (II) vmware(0): Output Virtual7 disconnected
[    14.963] (II) vmware(0): Output Virtual8 disconnected
[    14.963] (II) vmware(0): Using exact sizes for initial modes
[    14.963] (II) vmware(0): Output Virtual1 using initial mode 800x600 +0+0
[    14.963] (==) vmware(0): DPI set to (96, 96)
[    14.963] (==) vmware(0): Using gamma correction (1.0, 1.0, 1.0)
[    14.963] (II) Loading sub module "fb"
[    14.963] (II) LoadModule: "fb"
[    14.963] (II) Loading /usr/lib/xorg/modules/libfb.so
[    14.998] (II) Module fb: vendor="X.Org Foundation"
[    14.998] 	compiled for 1.19.3, module version = 1.0.0
[    14.998] 	ABI class: X.Org ANSI C Emulation, version 0.4
[    14.998] (II) Loading sub module "dri2"
[    14.998] (II) LoadModule: "dri2"
[    14.998] (II) Module "dri2" already built-in
[    14.998] (II) UnloadModule: "modesetting"
[    14.998] (II) Unloading modesetting
[    14.998] (II) UnloadModule: "fbdev"
[    14.998] (II) Unloading fbdev
[    14.998] (II) UnloadSubModule: "fbdevhw"
[    14.998] (II) Unloading fbdevhw
[    14.998] (II) UnloadModule: "vesa"
[    14.998] (II) Unloading vesa
[    14.998] (==) Depth 24 pixmap format is 32 bpp
[    14.999] (II) vmware(0): Initialized VMWARE_CTRL extension version 0.2
[    15.061] (WW) vmware(0): Failed to initialize Gallium3D Xa. No render acceleration available.
[    15.061] (WW) vmware(0): Skipped initialization of direct rendering due to lack of render acceleration.
[    15.061] (--) vmware(0): Render acceleration is disabled.
[    15.061] (==) vmware(0): Rendercheck mode is disabled.
[    15.061] (--) vmware(0): Direct rendering (3D) is disabled.
[    15.061] (==) vmware(0): Backing store enabled
[    15.061] (==) vmware(0): Silken mouse enabled
[    15.062] (II) vmware(0): RandR 1.2 enabled, ignore the following RandR disabled message.
[    15.066] (==) vmware(0): DPMS enabled
[    15.066] (II) vmware(0): No 3D acceleration. Not setting up textured video.
[    15.066] (--) RandR disabled
[    15.069] (II) SELinux: Disabled on system
[    15.069] (II) AIGLX: Screen 0 is not DRI2 capable
[    15.069] (EE) AIGLX: reverting to software rendering
[    15.487] (II) IGLX: enabled GLX_MESA_copy_sub_buffer
[    15.487] (II) IGLX: Loaded and initialized swrast
[    15.487] (II) GLX: Initialized DRISWRAST GL provider for screen 0
[    15.489] (II) vmware(0): Setting screen physical size to 211 x 158
[    16.238] (II) config/udev: Adding input device Power Button (/dev/input/event0)
[    16.238] (**) Power Button: Applying InputClass "evdev keyboard catchall"
[    16.238] (II) LoadModule: "evdev"
[    16.238] (II) Loading /usr/lib/xorg/modules/input/evdev_drv.so
[    16.253] (II) Module evdev: vendor="X.Org Foundation"
[    16.254] 	compiled for 1.19.3, module version = 2.10.5
[    16.254] 	Module class: X.Org XInput Driver
[    16.254] 	ABI class: X.Org XInput driver, version 24.1
[    16.254] (II) Using input driver 'evdev' for 'Power Button'
[    16.254] (**) Power Button: always reports core events
[    16.254] (**) evdev: Power Button: Device: "/dev/input/event0"
[    16.254] (--) evdev: Power Button: Vendor 0 Product 0x1
[    16.254] (--) evdev: Power Button: Found keys
[    16.254] (II) evdev: Power Button: Configuring as keyboard
[    16.254] (**) Option "config_info" "udev:/sys/devices/LNXSYSTM:00/LNXPWRBN:00/input/input0/event0"
[    16.254] (II) XINPUT: Adding extended input device "Power Button" (type: KEYBOARD, id 6)
[    16.254] (**) Option "xkb_rules" "evdev"
[    16.254] (**) Option "xkb_model" "pc105"
[    16.254] (**) Option "xkb_layout" "us"
[    16.254] (II) config/udev: Adding input device AT Translated Set 2 keyboard (/dev/input/event1)
[    16.254] (**) AT Translated Set 2 keyboard: Applying InputClass "evdev keyboard catchall"
[    16.254] (II) Using input driver 'evdev' for 'AT Translated Set 2 keyboard'
[    16.254] (**) AT Translated Set 2 keyboard: always reports core events
[    16.254] (**) evdev: AT Translated Set 2 keyboard: Device: "/dev/input/event1"
[    16.254] (--) evdev: AT Translated Set 2 keyboard: Vendor 0x1 Product 0x1
[    16.254] (--) evdev: AT Translated Set 2 keyboard: Found keys
[    16.254] (II) evdev: AT Translated Set 2 keyboard: Configuring as keyboard
[    16.254] (**) Option "config_info" "udev:/sys/devices/platform/i8042/serio0/input/input1/event1"
[    16.254] (II) XINPUT: Adding extended input device "AT Translated Set 2 keyboard" (type: KEYBOARD, id 7)
[    16.254] (**) Option "xkb_rules" "evdev"
[    16.254] (**) Option "xkb_model" "pc105"
[    16.254] (**) Option "xkb_layout" "us"
[    16.255] (II) config/udev: Adding input device VirtualPS/2 VMware VMMouse (/dev/input/event3)
[    16.255] (**) VirtualPS/2 VMware VMMouse: Applying InputClass "evdev pointer catchall"
[    16.255] (II) Using input driver 'evdev' for 'VirtualPS/2 VMware VMMouse'
[    16.255] (**) VirtualPS/2 VMware VMMouse: always reports core events
[    16.255] (**) evdev: VirtualPS/2 VMware VMMouse: Device: "/dev/input/event3"
[    16.255] (--) evdev: VirtualPS/2 VMware VMMouse: Vendor 0x2 Product 0x13
[    16.255] (--) evdev: VirtualPS/2 VMware VMMouse: Found 3 mouse buttons
[    16.255] (--) evdev: VirtualPS/2 VMware VMMouse: Found scroll wheel(s)
[    16.255] (--) evdev: VirtualPS/2 VMware VMMouse: Found relative axes
[    16.255] (--) evdev: VirtualPS/2 VMware VMMouse: Found x and y relative axes
[    16.255] (II) evdev: VirtualPS/2 VMware VMMouse: Configuring as mouse
[    16.255] (II) evdev: VirtualPS/2 VMware VMMouse: Adding scrollwheel support
[    16.255] (**) evdev: VirtualPS/2 VMware VMMouse: YAxisMapping: buttons 4 and 5
[    16.255] (**) evdev: VirtualPS/2 VMware VMMouse: EmulateWheelButton: 4, EmulateWheelInertia: 10, EmulateWheelTimeout: 200
[    16.255] (**) Option "config_info" "udev:/sys/devices/platform/i8042/serio1/input/input3/event3"
[    16.255] (II) XINPUT: Adding extended input device "VirtualPS/2 VMware VMMouse" (type: MOUSE, id 8)
[    16.255] (II) evdev: VirtualPS/2 VMware VMMouse: initialized for relative axes.
[    16.255] (**) VirtualPS/2 VMware VMMouse: (accel) keeping acceleration scheme 1
[    16.255] (**) VirtualPS/2 VMware VMMouse: (accel) acceleration profile 0
[    16.255] (**) VirtualPS/2 VMware VMMouse: (accel) acceleration factor: 2.000
[    16.255] (**) VirtualPS/2 VMware VMMouse: (accel) acceleration threshold: 4
[    16.255] (II) config/udev: Adding input device VirtualPS/2 VMware VMMouse (/dev/input/mouse1)
[    16.255] (II) No input driver specified, ignoring this device.
[    16.255] (II) This device may have been added with another device file.
[    16.255] (II) config/udev: Adding input device VirtualPS/2 VMware VMMouse (/dev/input/event2)
[    16.255] (**) VirtualPS/2 VMware VMMouse: Applying InputClass "evdev pointer catchall"
[    16.255] (II) Using input driver 'evdev' for 'VirtualPS/2 VMware VMMouse'
[    16.255] (**) VirtualPS/2 VMware VMMouse: always reports core events
[    16.255] (**) evdev: VirtualPS/2 VMware VMMouse: Device: "/dev/input/event2"
[    16.255] (--) evdev: VirtualPS/2 VMware VMMouse: Vendor 0x2 Product 0x13
[    16.255] (--) evdev: VirtualPS/2 VMware VMMouse: Found 3 mouse buttons
[    16.255] (--) evdev: VirtualPS/2 VMware VMMouse: Found absolute axes
[    16.255] (--) evdev: VirtualPS/2 VMware VMMouse: Found x and y absolute axes
[    16.255] (--) evdev: VirtualPS/2 VMware VMMouse: Found absolute touchscreen
[    16.255] (II) evdev: VirtualPS/2 VMware VMMouse: Configuring as touchscreen
[    16.255] (**) evdev: VirtualPS/2 VMware VMMouse: YAxisMapping: buttons 4 and 5
[    16.255] (**) evdev: VirtualPS/2 VMware VMMouse: EmulateWheelButton: 4, EmulateWheelInertia: 10, EmulateWheelTimeout: 200
[    16.255] (**) Option "config_info" "udev:/sys/devices/platform/i8042/serio1/input/input4/event2"
[    16.255] (II) XINPUT: Adding extended input device "VirtualPS/2 VMware VMMouse" (type: TOUCHSCREEN, id 9)
[    16.255] (II) evdev: VirtualPS/2 VMware VMMouse: initialized for absolute axes.
[    16.255] (**) VirtualPS/2 VMware VMMouse: (accel) keeping acceleration scheme 1
[    16.255] (**) VirtualPS/2 VMware VMMouse: (accel) acceleration profile 0
[    16.255] (**) VirtualPS/2 VMware VMMouse: (accel) acceleration factor: 2.000
[    16.255] (**) VirtualPS/2 VMware VMMouse: (accel) acceleration threshold: 4
[    16.256] (II) config/udev: Adding input device VirtualPS/2 VMware VMMouse (/dev/input/mouse0)
[    16.256] (II) No input driver specified, ignoring this device.
[    16.256] (II) This device may have been added with another device file.
